0 info it worked if it ends with ok
1 verbose cli [ 'C:\\Program Files\\nodejs\\\\node.exe',
1 verbose cli   'C:\\Program Files\\nodejs\\node_modules\\npm\\bin\\npm-cli.js',
1 verbose cli   'install',
1 verbose cli   'https' ]
2 info using npm@1.2.14
3 info using node@v0.8.22
4 verbose node symlink C:\Program Files\nodejs\\node.exe
5 verbose read json C:\Users\mgross\AppData\Roaming\npm\package.json
6 verbose read json C:\Users\mgross\AppData\Roaming\npm\package.json
7 verbose cache add [ 'https', null ]
8 verbose cache add name=undefined spec="https" args=["https",null]
9 verbose parsed url { pathname: 'https', path: 'https', href: 'https' }
10 silly lockFile c3437dbc-https https
11 verbose lock https C:\Users\mgross\AppData\Roaming\npm-cache\c3437dbc-https.lock
12 silly lockFile c3437dbc-https https
13 silly lockFile c3437dbc-https https
14 verbose addNamed [ 'https', '' ]
15 verbose addNamed [ null, '' ]
16 silly lockFile 421d451a-https https@
17 verbose lock https@ C:\Users\mgross\AppData\Roaming\npm-cache\421d451a-https.lock
18 silly addNameRange { name: 'https', range: '', hasData: false }
19 verbose url raw https
20 verbose url resolving [ 'https://registry.npmjs.org/', './https' ]
21 verbose url resolved https://registry.npmjs.org/https
22 info trying registry request attempt 1 at 13:20:01
23 http GET https://registry.npmjs.org/https
24 http 404 https://registry.npmjs.org/https
25 silly registry.get cb [ 404,
25 silly registry.get   { server: 'CouchDB/1.3.0 (Erlang OTP/R15B03)',
25 silly registry.get     date: 'Thu, 25 Apr 2013 11:20:03 GMT',
25 silly registry.get     'content-type': 'application/json',
25 silly registry.get     'content-length': '52',
25 silly registry.get     'cache-control': 'must-revalidate' } ]
26 silly lockFile 421d451a-https https@
27 silly lockFile 421d451a-https https@
28 error 404 'https' is not in the npm registry.
28 error 404 You should bug the author to publish it
28 error 404
28 error 404 Note that you can also install from a
28 error 404 tarball, folder, or http url, or git url.
29 error System Windows_NT 6.1.7601
30 error command "C:\\Program Files\\nodejs\\\\node.exe" "C:\\Program Files\\nodejs\\node_modules\\npm\\bin\\npm-cli.js" "install" "https"
31 error cwd C:\xampp\htdocs\nb-conferences\trunk\js
32 error node -v v0.8.22
33 error npm -v 1.2.14
34 error code E404
35 verbose exit [ 1, true ]
